app/build/outputs/logs/manifest-merger-debug-report.txt
-- Merging decision tree log ---
manifest
ADDED from src\main\AndroidManifest.xml:2:1-64:12
	package
		ADDED from src\main\AndroidManifest.xml:3:5-31
		INJECTED from src\main\AndroidManifest.xml
		INJECTED from src\main\AndroidManifest.xml
	android:versionName
		ADDED from src\main\AndroidManifest.xml:5:5-30
		INJECTED from src\main\AndroidManifest.xml
		INJECTED from src\main\AndroidManifest.xml
	android:versionCode
		ADDED from src\main\AndroidManifest.xml:4:5-28
		INJECTED from src\main\AndroidManifest.xml
		INJECTED from src\main\AndroidManifest.xml
	xmlns:android
		ADDED from src\main\AndroidManifest.xml:2:11-69
uses-sdk
ADDED from src\main\AndroidManifest.xml:7:5-9:41
	android:targetSdkVersion
		ADDED from src\main\AndroidManifest.xml:9:9-38
		INJECTED from src\main\AndroidManifest.xml
		INJECTED from src\main\AndroidManifest.xml
	android:minSdkVersion
		ADDED from src\main\AndroidManifest.xml:8:9-35
		INJECTED from src\main\AndroidManifest.xml
		INJECTED from src\main\AndroidManifest.xml
application
ADDED from src\main\AndroidManifest.xml:11:5-62:19
	android:label
		ADDED from src\main\AndroidManifest.xml:14:9-41
	android:allowBackup
		ADDED from src\main\AndroidManifest.xml:12:9-35
	android:icon
		ADDED from src\main\AndroidManifest.xml:13:9-44
	android:theme
		ADDED from src\main\AndroidManifest.xml:15:9-40
activity#com.pandawa.game.MainActivity
ADDED from src\main\AndroidManifest.xml:16:9-25:20
	android:label
		ADDED from src\main\AndroidManifest.xml:19:13-45
	android:theme
		ADDED from src\main\AndroidManifest.xml:18:13-48
	android:name
		ADDED from src\main\AndroidManifest.xml:17:13-57
intent-filter#android.intent.action.MAIN+android.intent.category.LAUNCHER
ADDED from src\main\AndroidManifest.xml:20:13-24:29
action#android.intent.action.MAIN
ADDED from src\main\AndroidManifest.xml:21:17-69
	android:name
		ADDED from src\main\AndroidManifest.xml:21:25-66
category#android.intent.category.LAUNCHER
ADDED from src\main\AndroidManifest.xml:23:17-77
	android:name
		ADDED from src\main\AndroidManifest.xml:23:27-74
activity#com.pandawa.game.level1.Soal1Activity
ADDED from src\main\AndroidManifest.xml:26:9-29:20
	android:label
		ADDED from src\main\AndroidManifest.xml:28:13-57
	android:name
		ADDED from src\main\AndroidManifest.xml:27:13-65
activity#com.pandawa.game.level1.Soal2Activity
ADDED from src\main\AndroidManifest.xml:30:9-33:20
	android:label
		ADDED from src\main\AndroidManifest.xml:32:13-57
	android:name
		ADDED from src\main\AndroidManifest.xml:31:13-65
activity#com.pandawa.game.level1.Soal3Activity
ADDED from src\main\AndroidManifest.xml:34:9-37:20
	android:label
		ADDED from src\main\AndroidManifest.xml:36:13-57
	android:name
		ADDED from src\main\AndroidManifest.xml:35:13-65
activity#com.pandawa.game.EndActivity1
ADDED from src\main\AndroidManifest.xml:38:9-41:20
	android:label
		ADDED from src\main\AndroidManifest.xml:40:13-55
	android:name
		ADDED from src\main\AndroidManifest.xml:39:13-57
activity#com.pandawa.game.level1.Soal4Activity
ADDED from src\main\AndroidManifest.xml:42:9-45:20
	android:label
		ADDED from src\main\AndroidManifest.xml:44:13-57
	android:name
		ADDED from src\main\AndroidManifest.xml:43:13-65
activity#com.pandawa.game.LevelMenu
ADDED from src\main\AndroidManifest.xml:46:9-49:20
	android:label
		ADDED from src\main\AndroidManifest.xml:48:13-62
	android:name
		ADDED from src\main\AndroidManifest.xml:47:13-54
activity#com.pandawa.game.level1.Soal5Activity
ADDED from src\main\AndroidManifest.xml:50:9-53:20
	android:label
		ADDED from src\main\AndroidManifest.xml:52:13-57
	android:name
		ADDED from src\main\AndroidManifest.xml:51:13-65
activity#com.pandawa.game.SaranActivity
ADDED from src\main\AndroidManifest.xml:54:9-57:20
	android:label
		ADDED from src\main\AndroidManifest.xml:56:13-57
	android:name
		ADDED from src\main\AndroidManifest.xml:55:13-58
activity#com.pandawa.game.CaraMainActivity
ADDED from src\main\AndroidManifest.xml:58:9-61:20
	android:label
		ADDED from src\main\AndroidManifest.xml:60:13-61
	android:name
		ADDED from src\main\AndroidManifest.xml:59:13-61